c:\users\marij\onedrive\documenten\github\neural_network\bin\intermediatesx64\vc143.pdb
c:\users\marij\onedrive\documenten\github\neural_network\bin\intermediatesx64\neural_network.obj
c:\users\marij\onedrive\documenten\github\neural_network\bin\intermediatesx64\mnist.obj
c:\users\marij\onedrive\documenten\github\neural_network\bin\intermediatesx64\math.obj
c:\users\marij\onedrive\documenten\github\neural_network\bin\intermediatesx64\main.obj
c:\users\marij\onedrive\documenten\github\neural_network\bin\x64\debug\neuralnetwork_0.exe
c:\users\marij\onedrive\documenten\github\neural_network\bin\intermediatesx64\main.cod
c:\users\marij\onedrive\documenten\github\neural_network\bin\intermediatesx64\math.cod
c:\users\marij\onedrive\documenten\github\neural_network\bin\intermediatesx64\mnist.cod
c:\users\marij\onedrive\documenten\github\neural_network\bin\intermediatesx64\neural_network.cod
c:\users\marij\onedrive\documenten\github\neural_network\bin\intermediatesx64\neuralnetwork_0.ipdb
c:\users\marij\onedrive\documenten\github\neural_network\bin\x64\debug\neuralnetwork_0.pdb
c:\users\marij\onedrive\documenten\github\neural_network\bin\intermediatesx64\neuralnetwork_0.iobj
c:\users\marij\onedrive\documenten\github\neural_network\bin\intermediatesx64\neuralnetwork_0.vcxproj.filelistabsolute.txt
c:\users\marij\onedrive\documenten\github\neural_network\bin\intermediatesx64\neuralnetwork_0.tlog\cl.command.1.tlog
c:\users\marij\onedrive\documenten\github\neural_network\bin\intermediatesx64\neuralnetwork_0.tlog\cl.read.1.tlog
c:\users\marij\onedrive\documenten\github\neural_network\bin\intermediatesx64\neuralnetwork_0.tlog\cl.write.1.tlog
c:\users\marij\onedrive\documenten\github\neural_network\bin\intermediatesx64\neuralnetwork_0.tlog\link.command.1.tlog
c:\users\marij\onedrive\documenten\github\neural_network\bin\intermediatesx64\neuralnetwork_0.tlog\link.read.1.tlog
c:\users\marij\onedrive\documenten\github\neural_network\bin\intermediatesx64\neuralnetwork_0.tlog\link.write.1.tlog
